<?xml version="1.0" encoding="UTF-8"?>
<testsuite name="Cucumber" time="31.909" tests="8" skipped="0" failures="2" errors="0" timestamp="2025-03-17T08:17:27.612060300Z">
<testcase classname="Account Page Feature" name="Accounts page title" time="14.514">
<system-out><![CDATA[
Given user has already logged in to application.............................passed
Given user is on Accounts page..............................................passed
When user gets the title of the account page................................passed
Then page title should be "ssaisrinivas22 / Preferences"....................passed
]]></system-out>
</testcase>
<testcase classname="Login page feature" name="Login page title" time="6.348">
<system-out><![CDATA[
Given user is on login page.................................................passed
When user gets the title of the login page..................................passed
Then Login page title should be "SourceForge.net: Log In to SourceForge.net".passed
]]></system-out>
</testcase>
<testcase classname="Account Page Feature" name="Accounts page title" time="13.777">
<failure type="org.openqa.selenium.ElementClickInterceptedException" message="element click intercepted: Element &lt;a href=&quot;/auth/preferences/&quot;&gt;...&lt;/a&gt; is not clickable at point (66, 23). Other element would receive the click: &lt;img src=&quot;//a.fsdn.com/con/images/sandiego/sf-logo-full.svg&quot; alt=&quot;SourceForge logo&quot; class=&quot;sf-logo-full&quot;&gt;
  (Session info: chrome=134.0.6998.89)
Build info: version: '4.29.0', revision: '5fc1ec94cb'
System info: os.name: 'Windows 11', os.arch: 'amd64', os.version: '10.0', java.version: '17.0.11'
Driver info: org.openqa.selenium.chrome.ChromeDriver
Command: [5559ffffef1535eed186e29c3c65a597, clickElement {id=f.C8B67DD44A082D5ABE4CDB7C2EB8F83A.d.F7030C847781BD595EB946F43A64C0D2.e.48}]
Capabilities {acceptInsecureCerts: false, browserName: chrome, browserVersion: 134.0.6998.89, chrome: {chromedriverVersion: 134.0.6998.88 (7e3d5c978c6d..., userDataDir: C:\Users\ssais\AppData\Loca...}, fedcm:accounts: true, goog:chromeOptions: {debuggerAddress: localhost:64591}, networkConnectionEnabled: false, pageLoadStrategy: normal, platformName: windows, proxy: Proxy(), se:cdp: ws://localhost:64591/devtoo..., se:cdpVersion: 134.0.6998.89, setWindowRect: true, strictFileInteractability: false, timeouts: {implicit: 0, pageLoad: 300000, script: 30000}, unhandledPromptBehavior: dismiss and notify, webauthn:extension:credBlob: true, webauthn:extension:largeBlob: true, webauthn:extension:minPinLength: true, webauthn:extension:prf: true, webauthn:virtualAuthenticators: true}
Element: [[ChromeDriver: chrome on windows (5559ffffef1535eed186e29c3c65a597)] -&gt; xpath: //ul[@id='account-menu']//a[normalize-space()='Account Settings']]
Session ID: 5559ffffef1535eed186e29c3c65a597">
<![CDATA[org.openqa.selenium.ElementClickInterceptedException: element click intercepted: Element <a href="/auth/preferences/">...</a> is not clickable at point (66, 23). Other element would receive the click: <img src="//a.fsdn.com/con/images/sandiego/sf-logo-full.svg" alt="SourceForge logo" class="sf-logo-full">
  (Session info: chrome=134.0.6998.89)
Build info: version: '4.29.0', revision: '5fc1ec94cb'
System info: os.name: 'Windows 11', os.arch: 'amd64', os.version: '10.0', java.version: '17.0.11'
Driver info: org.openqa.selenium.chrome.ChromeDriver
Command: [5559ffffef1535eed186e29c3c65a597, clickElement {id=f.C8B67DD44A082D5ABE4CDB7C2EB8F83A.d.F7030C847781BD595EB946F43A64C0D2.e.48}]
Capabilities {acceptInsecureCerts: false, browserName: chrome, browserVersion: 134.0.6998.89, chrome: {chromedriverVersion: 134.0.6998.88 (7e3d5c978c6d..., userDataDir: C:\Users\ssais\AppData\Loca...}, fedcm:accounts: true, goog:chromeOptions: {debuggerAddress: localhost:64591}, networkConnectionEnabled: false, pageLoadStrategy: normal, platformName: windows, proxy: Proxy(), se:cdp: ws://localhost:64591/devtoo..., se:cdpVersion: 134.0.6998.89, setWindowRect: true, strictFileInteractability: false, timeouts: {implicit: 0, pageLoad: 300000, script: 30000}, unhandledPromptBehavior: dismiss and notify, webauthn:extension:credBlob: true, webauthn:extension:largeBlob: true, webauthn:extension:minPinLength: true, webauthn:extension:prf: true, webauthn:virtualAuthenticators: true}
Element: [[ChromeDriver: chrome on windows (5559ffffef1535eed186e29c3c65a597)] -> xpath: //ul[@id='account-menu']//a[normalize-space()='Account Settings']]
Session ID: 5559ffffef1535eed186e29c3c65a597
	at java.base/jdk.internal.reflect.NativeConstructorAccessorImpl.newInstance0(Native Method)
	at java.base/jdk.internal.reflect.NativeConstructorAccessorImpl.newInstance(NativeConstructorAccessorImpl.java:77)
	at java.base/jdk.internal.reflect.DelegatingConstructorAccessorImpl.newInstance(DelegatingConstructorAccessorImpl.java:45)
	at java.base/java.lang.reflect.Constructor.newInstanceWithCaller(Constructor.java:499)
	at java.base/java.lang.reflect.Constructor.newInstance(Constructor.java:480)
	at org.openqa.selenium.remote.ErrorCodec.decode(ErrorCodec.java:167)
	at org.openqa.selenium.remote.codec.w3c.W3CHttpResponseCodec.decode(W3CHttpResponseCodec.java:138)
	at org.openqa.selenium.remote.codec.w3c.W3CHttpResponseCodec.decode(W3CHttpResponseCodec.java:50)
	at org.openqa.selenium.remote.HttpCommandExecutor.execute(HttpCommandExecutor.java:215)
	at org.openqa.selenium.remote.service.DriverCommandExecutor.invokeExecute(DriverCommandExecutor.java:216)
	at org.openqa.selenium.remote.service.DriverCommandExecutor.execute(DriverCommandExecutor.java:174)
	at org.openqa.selenium.remote.RemoteWebDriver.execute(RemoteWebDriver.java:545)
	at org.openqa.selenium.remote.RemoteWebElement.execute(RemoteWebElement.java:223)
	at org.openqa.selenium.remote.RemoteWebElement.click(RemoteWebElement.java:76)
	at com.pageObjects.LoginPage.clickOnaccountSettings(LoginPage.java:60)
	at com.pageObjects.LoginPage.doLogin(LoginPage.java:69)
	at steps.AccountsPageStepDefinition.user_has_already_logged_in_to_application(AccountsPageStepDefinition.java:27)
	at ✽.user has already logged in to application(file:///C:/Users/ssais/git/CucumberSeleniumPOMDemo/CucumberSeleniumPOMDemo/src/test/resources/features/AccountsPage.feature:4)
]]>
</failure>
<system-out><![CDATA[
Given user has already logged in to application.............................failed
Given user is on Accounts page..............................................skipped
When user gets the title of the account page................................skipped
Then page title should be "ssaisrinivas22 / Preferences"....................skipped
]]></system-out>
</testcase>
<testcase classname="Login page feature" name="Forgot Password link" time="4.754">
<system-out><![CDATA[
Given user is on login page.................................................passed
Then forgot your password link should be displayed..........................passed
]]></system-out>
</testcase>
<testcase classname="Login page feature" name="Login with correct credentials - #1.1" time="13.366">
<system-out><![CDATA[
Given user is on login page.................................................passed
When user enters username "ssaisrinivas22" and password "$Ss9704312287".....passed
And user clicks on Login button.............................................passed
Then user gets the title of the account page................................passed
And Account page title should be "Compare B2B Software, Download, & Develop Open Source & Business Software - SourceForge".passed
]]></system-out>
</testcase>
<testcase classname="Account Page Feature" name="Accounts section count" time="10.902">
<system-out><![CDATA[
Given user has already logged in to application.............................passed
Given user is on Accounts page..............................................passed
Then user gets accounts section.............................................passed
And accounts section count should be 7......................................passed
]]></system-out>
</testcase>
<testcase classname="Account Page Feature" name="Accounts section count" time="10.523">
<system-out><![CDATA[
Given user has already logged in to application.............................passed
Given user is on Accounts page..............................................passed
Then user gets accounts section.............................................passed
And accounts section count should be 7......................................passed
]]></system-out>
</testcase>
<testcase classname="Login page feature" name="Login with correct credentials - #1.2" time="7.15">
<failure type="org.junit.ComparisonFailure" message="expected:&lt;[SourceForge.net: Log In to SourceForge.net]&gt; but was:&lt;[Compare B2B Software, Download, &amp; Develop Open Source &amp; Business Software - SourceForge]&gt;">
<![CDATA[org.junit.ComparisonFailure: expected:<[SourceForge.net: Log In to SourceForge.net]> but was:<[Compare B2B Software, Download, & Develop Open Source & Business Software - SourceForge]>
	at org.junit.Assert.assertEquals(Assert.java:117)
	at org.junit.Assert.assertEquals(Assert.java:146)
	at steps.LoginPageStepDefinitions.Account_page_title_should_be(LoginPageStepDefinitions.java:64)
	at ✽.Account page title should be "Compare B2B Software, Download, & Develop Open Source & Business Software - SourceForge"(file:///C:/Users/ssais/git/CucumberSeleniumPOMDemo/CucumberSeleniumPOMDemo/src/test/resources/features/LoginPage.feature:17)
]]>
</failure>
<system-out><![CDATA[
Given user is on login page.................................................passed
When user enters username "ssaisrinivas2" and password "$Ss9704312287"......passed
And user clicks on Login button.............................................passed
Then user gets the title of the account page................................passed
And Account page title should be "Compare B2B Software, Download, & Develop Open Source & Business Software - SourceForge".failed
]]></system-out>
</testcase>
</testsuite>
