<?xml version="1.0" encoding="UTF-8"?>
<testsuite name="Cucumber" time="19.471" tests="2" skipped="0" failures="0" errors="0" timestamp="2025-03-16T19:23:56.753771Z">
<testcase classname="Account Page Feature" name="Accounts page title" time="10.879">
<system-out><![CDATA[
Given user has already logged in to application.............................passed
Given user is on Accounts page..............................................passed
When user gets the title of the account page................................passed
Then page title should be "ssaisrinivas22 / Preferences"....................passed
]]></system-out>
</testcase>
<testcase classname="Account Page Feature" name="Accounts section count" time="8.371">
<system-out><![CDATA[
Given user has already logged in to application.............................passed
Given user is on Accounts page..............................................passed
Then user gets accounts section.............................................passed
And accounts section count should be 7......................................passed
]]></system-out>
</testcase>
</testsuite>
